<?xml version="1.0" encoding="UTF-8"?>
<!-- Generated by org.testng.reporters.JUnitReportReporter -->
<testsuite hostname="DESKTOP-D9PMVJ8" failures="0" tests="1" name="tests.TestGeneral" time="5.750" errors="0" timestamp="2021-10-07T20:39:10 COT" skipped="0">
  <testcase classname="tests.TestGeneral" name="verificarCargaTipoReferencia" time="5.750"/>
  <system-out/>
</testsuite> <!-- tests.TestGeneral -->
